# JRE version: OpenJDK Runtime Environment (8.0_76-b03) (build 1.8.0_76-release-b03)
# Java VM: OpenJDK 64-Bit Server VM (25.76-b03 mixed mode windows-amd64 compressed oops)
Heap:
 PSYoungGen      total 412672K, used 84156K [0x00000000e0000000, 0x0000000100000000, 0x0000000100000000)
  eden space 326144K, 25% used [0x00000000e0000000,0x00000000e522f028,0x00000000f3e80000)
  from space 86528K, 0% used [0x00000000f3e80000,0x00000000f3e80000,0x00000000f9300000)
  to   space 83456K, 0% used [0x00000000fae80000,0x00000000fae80000,0x0000000100000000)
 ParOldGen       total 241152K, used 110435K [0x00000000a0000000, 0x00000000aeb80000, 0x00000000e0000000)
  object space 241152K, 45% used [0x00000000a0000000,0x00000000a6bd8eb8,0x00000000aeb80000)
 Metaspace       used 71479K, capacity 74102K, committed 74288K, reserved 1114112K
  class space    used 9139K, capacity 9721K, committed 9776K, reserved 1048576K
GC Heap History (10 events):
Event: 234.230 GC heap before
{Heap before GC invocations=28 (full 4):
 PSYoungGen      total 259584K, used 224162K [0x00000000e0000000, 0x00000000f8900000, 0x0000000100000000)
  eden space 202752K, 100% used [0x00000000e0000000,0x00000000ec600000,0x00000000ec600000)
  from space 56832K, 37% used [0x00000000ec600000,0x00000000edae8ae0,0x00000000efd80000)
  to   space 69632K, 0% used [0x00000000f4500000,0x00000000f4500000,0x00000000f8900000)
 ParOldGen       total 195584K, used 95679K [0x00000000a0000000, 0x00000000abf00000, 0x00000000e0000000)
  object space 195584K, 48% used [0x00000000a0000000,0x00000000a5d6fff0,0x00000000abf00000)
 Metaspace       used 71358K, capacity 73974K, committed 74288K, reserved 1114112K
  class space    used 9135K, capacity 9721K, committed 9776K, reserved 1048576K
Event: 234.378 GC heap after
Heap after GC invocations=28 (full 4):
 PSYoungGen      total 330752K, used 44801K [0x00000000e0000000, 0x00000000f8f00000, 0x0000000100000000)
  eden space 261120K, 0% used [0x00000000e0000000,0x00000000e0000000,0x00000000eff00000)
  from space 69632K, 64% used [0x00000000f4500000,0x00000000f70c0560,0x00000000f8900000)
  to   space 71680K, 0% used [0x00000000eff00000,0x00000000eff00000,0x00000000f4500000)
 ParOldGen       total 195584K, used 95836K [0x00000000a0000000, 0x00000000abf00000, 0x00000000e0000000)
  object space 195584K, 49% used [0x00000000a0000000,0x00000000a5d972d8,0x00000000abf00000)
 Metaspace       used 71358K, capacity 73974K, committed 74288K, reserved 1114112K
  class space    used 9135K, capacity 9721K, committed 9776K, reserved 1048576K
}
Event: 236.558 GC heap before
{Heap before GC invocations=29 (full 4):
 PSYoungGen      total 330752K, used 305921K [0x00000000e0000000, 0x00000000f8f00000, 0x0000000100000000)
  eden space 261120K, 100% used [0x00000000e0000000,0x00000000eff00000,0x00000000eff00000)
  from space 69632K, 64% used [0x00000000f4500000,0x00000000f70c0560,0x00000000f8900000)
  to   space 71680K, 0% used [0x00000000eff00000,0x00000000eff00000,0x00000000f4500000)
 ParOldGen       total 195584K, used 95836K [0x00000000a0000000, 0x00000000abf00000, 0x00000000e0000000)
  object space 195584K, 49% used [0x00000000a0000000,0x00000000a5d972d8,0x00000000abf00000)
 Metaspace       used 71414K, capacity 74038K, committed 74288K, reserved 1114112K
  class space    used 9136K, capacity 9721K, committed 9776K, reserved 1048576K
Event: 236.714 GC heap after
Heap after GC invocations=29 (full 4):
 PSYoungGen      total 332800K, used 67719K [0x00000000e0000000, 0x00000000fee80000, 0x0000000100000000)
  eden space 261120K, 0% used [0x00000000e0000000,0x00000000e0000000,0x00000000eff00000)
  from space 71680K, 94% used [0x00000000eff00000,0x00000000f4121dd8,0x00000000f4500000)
  to   space 81920K, 0% used [0x00000000f9e80000,0x00000000f9e80000,0x00000000fee80000)
 ParOldGen       total 195584K, used 102946K [0x00000000a0000000, 0x00000000abf00000, 0x00000000e0000000)
  object space 195584K, 52% used [0x00000000a0000000,0x00000000a6488838,0x00000000abf00000)
 Metaspace       used 71414K, capacity 74038K, committed 74288K, reserved 1114112K
  class space    used 9136K, capacity 9721K, committed 9776K, reserved 1048576K
}
Event: 238.379 GC heap before
{Heap before GC invocations=30 (full 4):
 PSYoungGen      total 332800K, used 328839K [0x00000000e0000000, 0x00000000fee80000, 0x0000000100000000)
  eden space 261120K, 100% used [0x00000000e0000000,0x00000000eff00000,0x00000000eff00000)
  from space 71680K, 94% used [0x00000000eff00000,0x00000000f4121dd8,0x00000000f4500000)
  to   space 81920K, 0% used [0x00000000f9e80000,0x00000000f9e80000,0x00000000fee80000)
 ParOldGen       total 195584K, used 104314K [0x00000000a0000000, 0x00000000abf00000, 0x00000000e0000000)
  object space 195584K, 53% used [0x00000000a0000000,0x00000000a65deae8,0x00000000abf00000)
 Metaspace       used 71445K, capacity 74038K, committed 74288K, reserved 1114112K
  class space    used 9136K, capacity 9721K, committed 9776K, reserved 1048576K
Event: 238.647 GC heap after
Heap after GC invocations=30 (full 4):
 PSYoungGen      total 400896K, used 57684K [0x00000000e0000000, 0x00000000fe780000, 0x0000000100000000)
  eden space 326144K, 0% used [0x00000000e0000000,0x00000000e0000000,0x00000000f3e80000)
  from space 74752K, 77% used [0x00000000f9e80000,0x00000000fd6d5250,0x00000000fe780000)
  to   space 86528K, 0% used [0x00000000f3e80000,0x00000000f3e80000,0x00000000f9300000)
 ParOldGen       total 195584K, used 120247K [0x00000000a0000000, 0x00000000abf00000, 0x00000000e0000000)
  object space 195584K, 61% used [0x00000000a0000000,0x00000000a756dcd8,0x00000000abf00000)
 Metaspace       used 71445K, capacity 74038K, committed 74288K, reserved 1114112K
  class space    used 9136K, capacity 9721K, committed 9776K, reserved 1048576K
}
Event: 241.667 GC heap before
{Heap before GC invocations=31 (full 4):
 PSYoungGen      total 400896K, used 383828K [0x00000000e0000000, 0x00000000fe780000, 0x0000000100000000)
  eden space 326144K, 100% used [0x00000000e0000000,0x00000000f3e80000,0x00000000f3e80000)
  from space 74752K, 77% used [0x00000000f9e80000,0x00000000fd6d5250,0x00000000fe780000)
  to   space 86528K, 0% used [0x00000000f3e80000,0x00000000f3e80000,0x00000000f9300000)
 ParOldGen       total 195584K, used 120248K [0x00000000a0000000, 0x00000000abf00000, 0x00000000e0000000)
  object space 195584K, 61% used [0x00000000a0000000,0x00000000a756e2a8,0x00000000abf00000)
 Metaspace       used 71476K, capacity 74102K, committed 74288K, reserved 1114112K
  class space    used 9138K, capacity 9721K, committed 9776K, reserved 1048576K
Event: 241.834 GC heap after
Heap after GC invocations=31 (full 4):
 PSYoungGen      total 412672K, used 40694K [0x00000000e0000000, 0x0000000100000000, 0x0000000100000000)
  eden space 326144K, 0% used [0x00000000e0000000,0x00000000e0000000,0x00000000f3e80000)
  from space 86528K, 47% used [0x00000000f3e80000,0x00000000f663d890,0x00000000f9300000)
  to   space 83456K, 0% used [0x00000000fae80000,0x00000000fae80000,0x0000000100000000)
 ParOldGen       total 195584K, used 163974K [0x00000000a0000000, 0x00000000abf00000, 0x00000000e0000000)
  object space 195584K, 83% used [0x00000000a0000000,0x00000000aa0219a8,0x00000000abf00000)
 Metaspace       used 71476K, capacity 74102K, committed 74288K, reserved 1114112K
  class space    used 9138K, capacity 9721K, committed 9776K, reserved 1048576K
}
Event: 241.834 GC heap before
{Heap before GC invocations=32 (full 5):
 PSYoungGen      total 412672K, used 40694K [0x00000000e0000000, 0x0000000100000000, 0x0000000100000000)
  eden space 326144K, 0% used [0x00000000e0000000,0x00000000e0000000,0x00000000f3e80000)
  from space 86528K, 47% used [0x00000000f3e80000,0x00000000f663d890,0x00000000f9300000)
  to   space 83456K, 0% used [0x00000000fae80000,0x00000000fae80000,0x0000000100000000)
 ParOldGen       total 195584K, used 163974K [0x00000000a0000000, 0x00000000abf00000, 0x00000000e0000000)
  object space 195584K, 83% used [0x00000000a0000000,0x00000000aa0219a8,0x00000000abf00000)
 Metaspace       used 71476K, capacity 74102K, committed 74288K, reserved 1114112K
  class space    used 9138K, capacity 9721K, committed 9776K, reserved 1048576K
Event: 242.601 GC heap after
Heap after GC invocations=32 (full 5):
 PSYoungGen      total 412672K, used 0K [0x00000000e0000000, 0x0000000100000000, 0x0000000100000000)
  eden space 326144K, 0% used [0x00000000e0000000,0x00000000e0000000,0x00000000f3e80000)
  from space 86528K, 0% used [0x00000000f3e80000,0x00000000f3e80000,0x00000000f9300000)
  to   space 83456K, 0% used [0x00000000fae80000,0x00000000fae80000,0x0000000100000000)
 ParOldGen       total 241152K, used 110435K [0x00000000a0000000, 0x00000000aeb80000, 0x00000000e0000000)
  object space 241152K, 45% used [0x00000000a0000000,0x00000000a6bd8eb8,0x00000000aeb80000)
 Metaspace       used 71476K, capacity 74102K, committed 74288K, reserved 1114112K
  class space    used 9138K, capacity 9721K, committed 9776K, reserved 1048576K
}

